Testing started at 6:36 PM ...
Launching pytest with arguments C:\Users\~\PycharmProjects\Calend-rioCompartilhado\tests\test_endpoints.py --no-header --no-summary -q in C:\Users\~\PycharmProjects\Calend-rioCompartilhado
============================= test session starts =============================
collecting ... collected 7 items
tests/test_endpoints.py::test_create_user PASSED                         [ 14%]
tests/test_endpoints.py::test_create_event PASSED                        [ 28%]
tests/test_endpoints.py::test_create_reminder PASSED                     [ 42%]
tests/test_endpoints.py::test_add_task PASSED                            [ 57%]
tests/test_endpoints.py::test_get_tasks PASSED                           [ 71%]
tests/test_endpoints.py::test_delete_task PASSED                         [ 85%]
tests/test_endpoints.py::test_delete_task_not_found PASSED               [100%]
============================== 7 passed in 0.15s ==============================
Process finished with exit code 0